<?xml version="1.0" encoding="UTF-8" ?>
<testsuite tests="3" failures="0" name="com.ramsey.hystrix.basic.ObservableCommandHelloWorldTest" time="6.024" errors="0" skipped="0">
  <properties>
[...]
</properties>
  <testcase classname="com.ramsey.hystrix.basic.ObservableCommandHelloWorldTest" name="testHotObservable" time="3.018"/>
  <testcase classname="com.ramsey.hystrix.basic.ObservableCommandHelloWorldTest" name="testColdObservable" time="3.004"/>
  <testcase classname="com.ramsey.hystrix.basic.ObservableCommandHelloWorldTest" name="testSynchronous" time="0.002"/>
</testsuite>